<?xml version="1.0" encoding="UTF-8"?>
<testsuite xmlns:xsi="http://www.w3.org/2001/XMLSchema-instance" xsi:noNamespaceSchemaLocation="https://maven.apache.org/surefire/maven-surefire-plugin/xsd/surefire-test-report.xsd" name="WebTableTest" time="376.216" tests="12" errors="0" skipped="0" failures="1">
  <properties>
[...]
</properties>
  <testcase name="Verify that data display correct in Grid Member" classname="Webtable" time="28.709"/>
  <testcase name="Verify that open Registration Form success when user click on add button" classname="Webtable" time="29.57"/>
  <testcase name="Verify on entering data to all textfield" classname="Webtable" time="31.149"/>
  <testcase name="Verify on entering data to email textfield" classname="Webtable" time="31.202"/>
  <testcase name="Verify on entering data to age textfield" classname="Webtable" time="30.52"/>
  <testcase name="Verify on entering data to salary textfield" classname="Webtable" time="30.626"/>
  <testcase name="Verify on all textfields are blank" classname="Webtable" time="30.393"/>
  <testcase name="Verify on updating data to all textfield" classname="Webtable" time="38.763"/>
  <testcase name="Verify on updating data to email textfield" classname="Webtable" time="30.806"/>
  <testcase name="Verify on updating data to age textfield" classname="Webtable" time="31.248"/>
  <testcase name="Verify on updating to salary textfield" classname="Webtable" time="31.283"/>
  <testcase name="Verify on click delete icon" classname="Webtable" time="30.754">
    <failure message="expected:&lt;[ ]&gt; but was:&lt;[]&gt;" type="org.junit.ComparisonFailure"><![CDATA[org.junit.ComparisonFailure: expected:<[ ]> but was:<[]>
]]></failure>
    <system-out><![CDATA[11:59:21.621 [main] INFO  n.t.c.steps.ConsoleLoggingListener - 
 _____ _____ ____ _____   ____ _____  _    ____ _____ _____ ____  
|_   _| ____/ ___|_   _| / ___|_   _|/ \  |  _ \_   _| ____|  _ \ 
  | | |  _| \___ \ | |   \___ \ | | / _ \ | |_) || | |  _| | | | |
  | | | |___ ___) || |    ___) || |/ ___ \|  _ < | | | |___| |_| |
  |_| |_____|____/ |_|   |____/ |_/_/   \_\_| \_\|_| |_____|____/ 
                                                                  

TEST STARTED: Verify on click delete icon
-------------------------------------------------------------------(webtable;verify-on-click-delete-icon)
11:59:21.632 [main] DEBUG n.s.c.w.s.ChromeServicePool - Creating new driver instance with capabilities: Capabilities {acceptInsecureCerts: false, browserName: chrome, goog:chromeOptions: {args: [test-type, test-type], extensions: []}, platform: ANY, version: }
11:59:51.625 [main] DEBUG n.s.core.photography.Darkroom - Send negative for processing for target\site\serenity\273f0e53a839e76e8460178b950c8f7d6d8415b9060634e2256d69622c8a3aea.png
11:59:51.625 [main] DEBUG n.s.core.photography.PhotoSession - Screenshot scheduled to be saved to target\site\serenity\273f0e53a839e76e8460178b950c8f7d6d8415b9060634e2256d69622c8a3aea.png
11:59:51.625 [Darkroom Processing Line] DEBUG n.s.c.p.DarkroomProcessingLine - Processing screenshot image in /var/screenshots/screenshot-4341554761839809994
11:59:51.625 [Darkroom Processing Line] DEBUG n.s.c.p.DarkroomProcessingLine - Saving screenshot to target\site\serenity\273f0e53a839e76e8460178b950c8f7d6d8415b9060634e2256d69622c8a3aea.png
11:59:51.907 [main] DEBUG n.s.core.photography.Darkroom - Send negative for processing for target\site\serenity\f86abd6a61117bf9a9542df225bc11e4e584240da90ad61841b68d55d8c7e25f.png
11:59:51.907 [main] DEBUG n.s.core.photography.PhotoSession - Screenshot scheduled to be saved to target\site\serenity\f86abd6a61117bf9a9542df225bc11e4e584240da90ad61841b68d55d8c7e25f.png
11:59:51.908 [Darkroom Processing Line] DEBUG n.s.c.p.DarkroomProcessingLine - Processing screenshot image in /var/screenshots/screenshot-195805770625264385
11:59:51.908 [Darkroom Processing Line] DEBUG n.s.c.p.DarkroomProcessingLine - Saving screenshot to target\site\serenity\f86abd6a61117bf9a9542df225bc11e4e584240da90ad61841b68d55d8c7e25f.png
11:59:52.154 [main] DEBUG n.s.core.photography.Darkroom - Send negative for processing for target\site\serenity\968ed37c8a01e80c6ba08ccd9485a2db7e675af4b3562ab7eb1acac7b38aedd8.png
11:59:52.154 [main] DEBUG n.s.core.photography.PhotoSession - Screenshot scheduled to be saved to target\site\serenity\968ed37c8a01e80c6ba08ccd9485a2db7e675af4b3562ab7eb1acac7b38aedd8.png
11:59:52.155 [Darkroom Processing Line] DEBUG n.s.c.p.DarkroomProcessingLine - Processing screenshot image in /var/screenshots/screenshot-4337207425058789246
11:59:52.155 [Darkroom Processing Line] DEBUG n.s.c.p.DarkroomProcessingLine - Saving screenshot to target\site\serenity\968ed37c8a01e80c6ba08ccd9485a2db7e675af4b3562ab7eb1acac7b38aedd8.png
11:59:52.225 [main] ERROR n.t.c.steps.ConsoleLoggingListener - 
           __  _____ _____ ____ _____   _____ _    ___ _     _____ ____  
  _       / / |_   _| ____/ ___|_   _| |  ___/ \  |_ _| |   | ____|  _ \ 
 (_)_____| |    | | |  _| \___ \ | |   | |_ / _ \  | || |   |  _| | | | |
  _|_____| |    | | | |___ ___) || |   |  _/ ___ \ | || |___| |___| |_| |
 (_)     | |    |_| |_____|____/ |_|   |_|/_/   \_\___|_____|_____|____/ 
          \_\                                                            

TEST FAILED: Verify on click delete icon
--------------------------------------------------------------------------
11:59:52.225 [main] DEBUG n.t.c.steps.ConsoleLoggingListener - RELATED ISSUES: 
11:59:52.226 [main] ERROR n.t.c.steps.ConsoleLoggingListener - TEST FAILED AT STEP Then The website display Member in Grid except record deleted
11:59:52.227 [main] ERROR n.t.c.steps.ConsoleLoggingListener - expected:<[ ]> but was:<[]>
]]></system-out>
    <system-err><![CDATA[Jul 17, 2021 11:59:21 AM org.openqa.selenium.remote.DesiredCapabilities chrome
INFO: Using `new ChromeOptions()` is preferred to `DesiredCapabilities.chrome()`
Jul 17, 2021 11:59:22 AM org.openqa.selenium.remote.ProtocolHandshake createSession
INFO: Detected dialect: W3C
]]></system-err>
  </testcase>
</testsuite>