<?xml version="1.0" encoding="UTF-8"?>
<testsuite xmlns:xsi="http://www.w3.org/2001/XMLSchema-instance" xsi:noNamespaceSchemaLocation="https://maven.apache.org/surefire/maven-surefire-plugin/xsd/surefire-test-report.xsd" name="LoginTest" time="202.4" tests="6" errors="1" skipped="0" failures="0">
  <properties>
[...]
</properties>
  <testcase name="Verify on entering data to all textfield" classname="Book Store" time="35.427"/>
  <testcase name="Verify password field" classname="Book Store" time="32.258"/>
  <testcase name="Verify blank textfield" classname="Book Store" time="29.522"/>
  <testcase name="Successful Login with Valid Credentials then LogOut" classname="Book Store" time="32.677"/>
  <testcase name="Empty password field" classname="Book Store" time="30.152"/>
  <testcase name="Login and delete book store" classname="Book Store" time="40.042">
    <error message="Expected enabled element was not enabled" type="net.thucydides.core.webdriver.exceptions.ElementShouldBeEnabledException">net.thucydides.core.webdriver.exceptions.ElementShouldBeEnabledException: Expected enabled element was not enabled
Caused by: org.openqa.selenium.TimeoutException: Expected condition failed: waiting for LoginPageUI.btnDelete to be enabled (tried for 5 second(s) with 100 milliseconds interval)
Caused by: org.openqa.selenium.NoSuchElementException: 
Timed out after 5 seconds. Element not found
For documentation on this error, please visit: http://seleniumhq.org/exceptions/no_such_element.html
Build info: version: '3.141.5', revision: 'd54ebd709a', time: '2018-11-06T11:42:16'
System info: host: 'H-NAM', ip: '192.168.0.4', os.name: 'Windows 10', os.arch: 'amd64', os.version: '10.0', java.version: '1.8.0_291'
Driver info: driver.version: unknown
</error>
    <system-out><![CDATA[11:37:45.669 [main] INFO  n.t.c.steps.ConsoleLoggingListener - 
 _____ _____ ____ _____   ____ _____  _    ____ _____ _____ ____  
|_   _| ____/ ___|_   _| / ___|_   _|/ \  |  _ \_   _| ____|  _ \ 
  | | |  _| \___ \ | |   \___ \ | | / _ \ | |_) || | |  _| | | | |
  | | | |___ ___) || |    ___) || |/ ___ \|  _ < | | | |___| |_| |
  |_| |_____|____/ |_|   |____/ |_/_/   \_\_| \_\|_| |_____|____/ 
                                                                  

TEST STARTED: Login and delete book store
-------------------------------------------------------------------(book-store;login-and-delete-book-store)
11:37:45.683 [main] DEBUG n.s.c.w.s.ChromeServicePool - Creating new driver instance with capabilities: Capabilities {acceptInsecureCerts: false, browserName: chrome, goog:chromeOptions: {args: [test-type, test-type], extensions: []}, platform: ANY, version: }
11:38:14.441 [main] DEBUG n.s.core.photography.Darkroom - Send negative for processing for target\site\serenity\e35c228def604e0a7b271ecef083317e471dbce5a8911a145c33e92e92f2b963.png
11:38:14.442 [main] DEBUG n.s.core.photography.PhotoSession - Screenshot scheduled to be saved to target\site\serenity\e35c228def604e0a7b271ecef083317e471dbce5a8911a145c33e92e92f2b963.png
11:38:14.442 [Darkroom Processing Line] DEBUG n.s.c.p.DarkroomProcessingLine - Processing screenshot image in /var/screenshots/screenshot-1768413357257507807
11:38:14.442 [Darkroom Processing Line] DEBUG n.s.c.p.DarkroomProcessingLine - Saving screenshot to target\site\serenity\e35c228def604e0a7b271ecef083317e471dbce5a8911a145c33e92e92f2b963.png
11:38:14.776 [main] DEBUG n.s.core.photography.Darkroom - Send negative for processing for target\site\serenity\1c59da0a6df6a4b6c3f76c98cd5b88a2b9da2d0a051cba6712fa6fe22f01fe79.png
11:38:14.776 [main] DEBUG n.s.core.photography.PhotoSession - Screenshot scheduled to be saved to target\site\serenity\1c59da0a6df6a4b6c3f76c98cd5b88a2b9da2d0a051cba6712fa6fe22f01fe79.png
11:38:14.776 [Darkroom Processing Line] DEBUG n.s.c.p.DarkroomProcessingLine - Processing screenshot image in /var/screenshots/screenshot-5418962814197501933
11:38:14.776 [Darkroom Processing Line] DEBUG n.s.c.p.DarkroomProcessingLine - Saving screenshot to target\site\serenity\1c59da0a6df6a4b6c3f76c98cd5b88a2b9da2d0a051cba6712fa6fe22f01fe79.png
11:38:15.041 [main] DEBUG n.s.core.photography.Darkroom - Send negative for processing for target\site\serenity\3a3dbd54d0e5ad11273e564e72fe42f117804928010b87bf5d15c30029b96af6.png
11:38:15.041 [main] DEBUG n.s.core.photography.PhotoSession - Screenshot scheduled to be saved to target\site\serenity\3a3dbd54d0e5ad11273e564e72fe42f117804928010b87bf5d15c30029b96af6.png
11:38:15.041 [Darkroom Processing Line] DEBUG n.s.c.p.DarkroomProcessingLine - Processing screenshot image in /var/screenshots/screenshot-5144421703507416302
11:38:15.041 [Darkroom Processing Line] DEBUG n.s.c.p.DarkroomProcessingLine - Saving screenshot to target\site\serenity\3a3dbd54d0e5ad11273e564e72fe42f117804928010b87bf5d15c30029b96af6.png
11:38:25.546 [main] DEBUG n.s.core.photography.Darkroom - Send negative for processing for target\site\serenity\db6a4f2a69b1a3194e2c06f7d23490425725c21671af202d5270086f0d980cc6.png
11:38:25.546 [main] DEBUG n.s.core.photography.PhotoSession - Screenshot scheduled to be saved to target\site\serenity\db6a4f2a69b1a3194e2c06f7d23490425725c21671af202d5270086f0d980cc6.png
11:38:25.547 [Darkroom Processing Line] DEBUG n.s.c.p.DarkroomProcessingLine - Processing screenshot image in /var/screenshots/screenshot-534878311045817917
11:38:25.547 [Darkroom Processing Line] DEBUG n.s.c.p.DarkroomProcessingLine - Saving screenshot to target\site\serenity\db6a4f2a69b1a3194e2c06f7d23490425725c21671af202d5270086f0d980cc6.png
11:38:25.624 [main] ERROR n.t.c.steps.ConsoleLoggingListener - 
           __  _____ _____ ____ _____   _____ _    ___ _     _____ ____  
  _       / / |_   _| ____/ ___|_   _| |  ___/ \  |_ _| |   | ____|  _ \ 
 (_)_____| |    | | |  _| \___ \ | |   | |_ / _ \  | || |   |  _| | | | |
  _|_____| |    | | | |___ ___) || |   |  _/ ___ \ | || |___| |___| |_| |
 (_)     | |    |_| |_____|____/ |_|   |_|/_/   \_\___|_____|_____|____/ 
          \_\                                                            

TEST FAILED: Login and delete book store
--------------------------------------------------------------------------
11:38:25.625 [main] DEBUG n.t.c.steps.ConsoleLoggingListener - RELATED ISSUES: 
11:38:25.770 [main] ERROR n.t.c.steps.ConsoleLoggingListener - TEST FAILED AT STEP And I click to Delete button
11:38:25.770 [main] ERROR n.t.c.steps.ConsoleLoggingListener - Expected enabled element was not enabledBuild info: version: '3.141.5', revision: 'd54ebd709a', time: '2018-11-06T11:42:16'System info: host: 'H-NAM', ip: '192.168.0.4', os.name: 'Windows 10', os.arch: 'amd64', os.version: '10.0', java.version: '1.8.0_291'Driver info: driver.version: unknown
]]></system-out>
    <system-err><![CDATA[Jul 17, 2021 11:37:45 AM org.openqa.selenium.remote.DesiredCapabilities chrome
INFO: Using `new ChromeOptions()` is preferred to `DesiredCapabilities.chrome()`
Jul 17, 2021 11:37:46 AM org.openqa.selenium.remote.ProtocolHandshake createSession
INFO: Detected dialect: W3C
]]></system-err>
  </testcase>
</testsuite>