-------------------------------------------------------------------------------
Test set: WebTableTest
-------------------------------------------------------------------------------
Tests run: 12, Failures: 1, Errors: 0, Skipped: 0, Time elapsed: 376.216 s <<< FAILURE! - in WebTableTest
Verify on click delete icon(Webtable)  Time elapsed: 30.754 s  <<< FAILURE!
org.junit.ComparisonFailure: expected:<[ ]> but was:<[]>

