<?xml version="1.0" encoding="UTF-8"?><testsuite errors="0" failures="2" name="Verify the Registration Form" skipped="0" tests="15" time="190.31" timestamp="2021-07-15 09:44:37"><testcase name="Check the behavior of form by not filling up any data into the form."/><testcase name="Check the behavior of form by filling up all fields."/><testcase name="Check the behavior of form by filling up the required fields only."/><testcase name="Check the Full name text field without adding First name."/><testcase name="Check the Full name text field without adding Last name."/><testcase name="Check the full name field by filling up numeric characters instead of string."><failure message="expected:&lt;rgba([220, 53], 69, 1)&gt; but was:&lt;rgba([40, 167], 69, 1)&gt;" type="java.lang.AssertionError">expected:&lt;rgba([220, 53], 69, 1)&gt; but was:&lt;rgba([40, 167], 69, 1)&gt;</failure><system-err>expected:&lt;rgba([220, 53], 69, 1)&gt; but was:&lt;rgba([40, 167], 69, 1)&gt;&#13;
Steps.PracticeFormSteps.lastnameAndFirstnameFieldsShouldShowTheRedBorder(PracticeFormSteps.java:117)&#13;
✽.Lastname and Firstname fields should show the red border(src/test/resources/features/PracticeForm.feature:62)&#13;
</system-err></testcase><testcase name="Check the behavior of form by filling up special characters instead of string."><failure message="expected:&lt;rgba([220, 53], 69, 1)&gt; but was:&lt;rgba([40, 167], 69, 1)&gt;" type="java.lang.AssertionError">expected:&lt;rgba([220, 53], 69, 1)&gt; but was:&lt;rgba([40, 167], 69, 1)&gt;</failure><system-err>expected:&lt;rgba([220, 53], 69, 1)&gt; but was:&lt;rgba([40, 167], 69, 1)&gt;&#13;
Steps.PracticeFormSteps.lastnameAndFirstnameFieldsShouldShowTheRedBorder(PracticeFormSteps.java:117)&#13;
✽.Lastname and Firstname fields should show the red border(src/test/resources/features/PracticeForm.feature:71)&#13;
</system-err></testcase><testcase name="Check the Email text field that can be empty"/><testcase name="Check the Email text field that has random string instead of real email."/><testcase name="Check the Email text field that must be in correct format."/><testcase name="Check the Email text field that must not have a bank space."/><testcase name="Check the Gender field must be checked."/><testcase name="Mobile number field cannot be empty"/><testcase name="Mobile field must have 10 digits"/><testcase name="Mobile field cannot contain letter or special symbols"/></testsuite>